<?xml version="1.0" encoding="UTF-8"?>
<!-- Generated by org.testng.reporters.JUnitReportReporter -->
<testsuite hostname="DESKTOP-ISOVKE4" failures="0" tests="1" name="com.infinity.uitests.homepagetest.HomePageTest" time="47.112" errors="0" timestamp="2022-07-30T15:56:29 IST" skipped="0">
  <testcase classname="com.infinity.uitests.homepagetest.HomePageTest" name="verifyTitleOfHomePage" time="47.112"/>
  <system-out/>
</testsuite> <!-- com.infinity.uitests.homepagetest.HomePageTest -->
